<?xml version="1.0" encoding="UTF-8"?>
<!-- Generated by org.testng.reporters.JUnitReportReporter -->
<testsuite hostname="Dell" name="citiTest1.CitiLoginTest" tests="1" failures="0" timestamp="11 Apr 2017 14:58:12 GMT" time="0.006" errors="0">
  <testcase name="f" time="0.006" classname="citiTest1.CitiLoginTest"/>
</testsuite> <!-- citiTest1.CitiLoginTest -->
